<?xml version="1.0" encoding="UTF-8"?>
<!-- Generated by org.testng.reporters.JUnitReportReporter -->
<testsuite hostname="LTIN275801" failures="0" tests="20" name="Test_Cases.Finding_Hospitals" time="76.882" errors="0" timestamp="2024-03-06T17:23:11 IST" skipped="0">
  <testcase classname="Test_Cases.Finding_Hospitals" name="findDoctors" time="2.595"/>
  <testcase classname="Test_Cases.Finding_Hospitals" name="Search_City" time="1.174"/>
  <testcase classname="Test_Cases.Finding_Hospitals" name="Search_Dentists" time="2.870"/>
  <testcase classname="Test_Cases.Finding_Hospitals" name="select_PatientStories" time="2.313"/>
  <testcase classname="Test_Cases.Finding_Hospitals" name="select_Experience" time="2.316"/>
  <testcase classname="Test_Cases.Finding_Hospitals" name="applyFilters" time="2.307"/>
  <testcase classname="Test_Cases.Finding_Hospitals" name="applyFilters_1" time="2.302"/>
  <testcase classname="Test_Cases.Finding_Hospitals" name="applyFilters_2" time="4.606"/>
  <testcase classname="Test_Cases.Finding_Hospitals" name="get_DoctorDetails" time="24.836"/>
  <testcase classname="Test_Cases.Finding_Hospitals" name="navigateToSurgeries" time="1.382"/>
  <testcase classname="Test_Cases.Finding_Hospitals" name="ScrollToSurgeries" time="0.025"/>
  <testcase classname="Test_Cases.Finding_Hospitals" name="sugeryNames" time="1.342"/>
  <testcase classname="Test_Cases.Finding_Hospitals" name="ScrollToTop" time="0.086"/>
  <testcase classname="Test_Cases.Finding_Hospitals" name="navigatioToHealth_Page" time="4.444"/>
  <testcase classname="Test_Cases.Finding_Hospitals" name="scrollToDemoBtn" time="0.114"/>
  <testcase classname="Test_Cases.Finding_Hospitals" name="verifyDemoBtn_1" time="0.728"/>
  <testcase classname="Test_Cases.Finding_Hospitals" name="ClickDemoBtn" time="0.151"/>
  <testcase classname="Test_Cases.Finding_Hospitals" name="ClearingData" time="0.265"/>
  <testcase classname="Test_Cases.Finding_Hospitals" name="verifyDemoBtn_2" time="2.058"/>
  <testcase classname="Test_Cases.Finding_Hospitals" name="Verify_ResultMsg" time="20.968"/>
</testsuite> <!-- Test_Cases.Finding_Hospitals -->
